<?xml version="1.0" encoding="UTF-8"?>
<!-- Generated by org.testng.reporters.JUnitReportReporter -->
<testsuite hostname="LAPTOP-77SQH5HS" failures="0" tests="1" name="IdentifyBikesandCars.LoginTest" time="15.869" errors="0" timestamp="2020-10-30T11:49:40 IST" skipped="0">
  <testcase classname="IdentifyBikesandCars.LoginTest" name="loginTest" time="15.869"/>
  <system-out/>
</testsuite> <!-- IdentifyBikesandCars.LoginTest -->
