<?xml version="1.0" encoding="UTF-8"?>
<!-- Generated by org.testng.reporters.JUnitReportReporter -->
<testsuite hostname="LAPTOP-77SQH5HS" failures="0" tests="3" name="IdentifyBikesandCars.UsedCarsTest" time="11.012" errors="0" timestamp="2020-10-30T09:26:38 IST" skipped="0">
  <testcase classname="IdentifyBikesandCars.UsedCarsTest" name="usedCars" time="5.212"/>
  <system-out/>
  <testcase classname="IdentifyBikesandCars.UsedCarsTest" name="getLocation" time="5.120"/>
  <system-out/>
  <testcase classname="IdentifyBikesandCars.UsedCarsTest" name="getCarDetails" time="0.680"/>
  <system-out/>
</testsuite> <!-- IdentifyBikesandCars.UsedCarsTest -->
