<?xml version="1.0" encoding="UTF-8"?>
<!-- Generated by org.testng.reporters.JUnitReportReporter -->
<testsuite hostname="LAPTOP-77SQH5HS" failures="0" tests="5" name="IdentifyBikesandCars.BikesTest" time="11.510" errors="0" timestamp="2020-10-30T17:27:13 IST" skipped="0">
  <testcase classname="IdentifyBikesandCars.BikesTest" name="getTitle" time="0.034"/>
  <system-out/>
  <testcase classname="IdentifyBikesandCars.BikesTest" name="Bikes" time="1.439"/>
  <system-out/>
  <testcase classname="IdentifyBikesandCars.BikesTest" name="upcomingBikes" time="1.098"/>
  <system-out/>
  <testcase classname="IdentifyBikesandCars.BikesTest" name="selectBrand" time="5.513"/>
  <system-out/>
  <testcase classname="IdentifyBikesandCars.BikesTest" name="getUpcomingBikes" time="3.426"/>
  <system-out/>
</testsuite> <!-- IdentifyBikesandCars.BikesTest -->
