<?xml version="1.0" encoding="UTF-8"?>
<!-- Generated by org.testng.reporters.JUnitReportReporter -->
<testsuite hostname="DESKTOP-VJLDRGC" failures="0" tests="16" name="IdentifyBikesandCars.report" time="0.000" errors="0" timestamp="2020-11-05T21:06:07 IST" skipped="16">
  <testcase classname="IdentifyBikesandCars.report" name="Bikes" time="0.000">
    <skipped/>
  </testcase> <!-- Bikes -->
  <system-out/>
  <testcase classname="IdentifyBikesandCars.report" name="Title" time="0.000">
    <skipped/>
  </testcase> <!-- Title -->
  <system-out/>
  <testcase classname="IdentifyBikesandCars.report" name="upcomingBikes" time="0.000">
    <skipped/>
  </testcase> <!-- upcomingBikes -->
  <system-out/>
  <testcase classname="IdentifyBikesandCars.report" name="selectBrand" time="0.000">
    <skipped/>
  </testcase> <!-- selectBrand -->
  <system-out/>
  <testcase classname="IdentifyBikesandCars.report" name="getUpcomingBikes" time="0.000">
    <skipped/>
  </testcase> <!-- getUpcomingBikes -->
  <system-out/>
  <testcase classname="IdentifyBikesandCars.report" name="usedCars" time="0.000">
    <skipped/>
  </testcase> <!-- usedCars -->
  <system-out/>
  <testcase classname="IdentifyBikesandCars.report" name="getLocation" time="0.000">
    <skipped/>
  </testcase> <!-- getLocation -->
  <system-out/>
  <testcase classname="IdentifyBikesandCars.report" name="getCarDetails" time="0.000">
    <skipped/>
  </testcase> <!-- getCarDetails -->
  <system-out/>
  <testcase classname="IdentifyBikesandCars.report" name="loginInvalidEmail" time="0.000">
    <skipped/>
  </testcase> <!-- loginInvalidEmail -->
  <system-out/>
  <testcase classname="IdentifyBikesandCars.report" name="loginWithoutPassword" time="0.000">
    <skipped/>
  </testcase> <!-- loginWithoutPassword -->
  <system-out/>
  <testcase classname="IdentifyBikesandCars.report" name="loginWithoutEmail" time="0.000">
    <skipped/>
  </testcase> <!-- loginWithoutEmail -->
  <system-out/>
  <testcase classname="IdentifyBikesandCars.report" name="loginWithoutCaptcha" time="0.000">
    <skipped/>
  </testcase> <!-- loginWithoutCaptcha -->
  <system-out/>
  <testcase classname="IdentifyBikesandCars.report" name="loginWithoutCaptchaandPassword" time="0.000">
    <skipped/>
  </testcase> <!-- loginWithoutCaptchaandPassword -->
  <system-out/>
  <testcase classname="IdentifyBikesandCars.report" name="loginTest" time="0.000">
    <skipped/>
  </testcase> <!-- loginTest -->
  <system-out/>
  <testcase classname="IdentifyBikesandCars.report" name="loginTest2" time="0.000">
    <skipped/>
  </testcase> <!-- loginTest2 -->
  <system-out/>
  <testcase classname="IdentifyBikesandCars.report" name="loginTest3" time="0.000">
    <skipped/>
  </testcase> <!-- loginTest3 -->
  <system-out/>
</testsuite> <!-- IdentifyBikesandCars.report -->
